<?xml version="1.0" encoding="UTF-8"?>
<!-- Generated by org.testng.reporters.JUnitReportReporter -->
<testsuite hostname="WKWIN6590441" name="LoginToBank" tests="1" failures="0" timestamp="25 Jul 2018 15:04:54 GMT" time="3.828" errors="0">
  <testcase name="loginBankSucces" time="3.828" classname="LoginToBank"/>
</testsuite> <!-- LoginToBank -->
