<?xml version="1.0" encoding="UTF-8"?>
<!-- Generated by org.testng.reporters.JUnitReportReporter -->
<testsuite hostname="WKWIN6590441" name="selenium_Basics.QAClickPra" tests="1" failures="0" timestamp="30 Jul 2018 16:18:43 GMT" time="0.700" errors="0">
  <testcase name="getTableData" time="0.700" classname="selenium_Basics.QAClickPra"/>
</testsuite> <!-- selenium_Basics.QAClickPra -->
